***  Installation Started 10/26/2022 0:29  ***
Title: Power System Toolbox
Source: C:\Users\¨Î¥Í\OneDrive\®à­±\§Ó©ú\PowerSetup.EXE
Made Dir: C:\MATLABR61
Made Dir: C:\MATLABR61\POWER2
File Copy: C:\MATLABR61\POWER2\UNWISE.EXE
RegDB Key: Software\Microsoft\Windows\CurrentVersion\Uninstall\Power System Toolbox
RegDB Val: Power System Toolbox
RegDB Name: DisplayName
RegDB Root: 2
RegDB Key: Software\Microsoft\Windows\CurrentVersion\Uninstall\Power System Toolbox
RegDB Val: C:\MATLAB~1\POWER2\UNWISE.EXE C:\MATLAB~1\POWER2\INSTALL.LOG
RegDB Name: UninstallString
RegDB Root: 2
File Copy: C:\MATLABR61\POWER2\Abc2sc.m
File Copy: C:\MATLABR61\POWER2\Abcd2pi.m
File Copy: C:\MATLABR61\POWER2\Abcd2rlc.m
File Copy: C:\MATLABR61\POWER2\Acsr.m
File Copy: C:\MATLABR61\POWER2\ACSR1.jpg
File Copy: C:\MATLABR61\POWER2\AcsrGui.fig
File Copy: C:\MATLABR61\POWER2\AcsrGui.m
File Copy: C:\MATLABR61\POWER2\Afpek.m
File Copy: C:\MATLABR61\POWER2\Afpower.m
File Copy: C:\MATLABR61\POWER2\Barcycle.m
File Copy: C:\MATLABR61\POWER2\Bloss.m
File Copy: C:\MATLABR61\POWER2\Busout.m
File Copy: C:\MATLABR61\POWER2\Cctime.m
File Copy: C:\MATLABR61\POWER2\Chp10ex1.m
File Copy: C:\MATLABR61\POWER2\Chp10ex2.m
File Copy: C:\MATLABR61\POWER2\Chp10ex3.m
File Copy: C:\MATLABR61\POWER2\Chp10ex4.m
File Copy: C:\MATLABR61\POWER2\Chp10ex5.m
File Copy: C:\MATLABR61\POWER2\Chp10ex6.m
File Copy: C:\MATLABR61\POWER2\Chp10ex7.m
File Copy: C:\MATLABR61\POWER2\Chp10ex8.m
File Copy: C:\MATLABR61\POWER2\Chp11ex1.m
File Copy: C:\MATLABR61\POWER2\Chp11ex2.m
File Copy: C:\MATLABR61\POWER2\Chp11ex3.m
File Copy: C:\MATLABR61\POWER2\Chp11ex4.m
File Copy: C:\MATLABR61\POWER2\Chp11ex5.m
File Copy: C:\MATLABR61\POWER2\Chp11ex6.m
File Copy: C:\MATLABR61\POWER2\Chp11ex7.m
File Copy: C:\MATLABR61\POWER2\Chp12ex1.m
File Copy: C:\MATLABR61\POWER2\Chp12ex2.m
File Copy: C:\MATLABR61\POWER2\Chp12ex3.m
File Copy: C:\MATLABR61\POWER2\Chp12ex4.m
File Copy: C:\MATLABR61\POWER2\Chp12ex5.m
File Copy: C:\MATLABR61\POWER2\Chp12ex6.m
File Copy: C:\MATLABR61\POWER2\Chp12ex7.m
File Copy: C:\MATLABR61\POWER2\Chp12ex8.m
File Copy: C:\MATLABR61\POWER2\Chp12ex9.m
File Copy: C:\MATLABR61\POWER2\Chp12xx.m
File Copy: C:\MATLABR61\POWER2\Chp12xx1.m
File Copy: C:\MATLABR61\POWER2\Chp1ex1.m
File Copy: C:\MATLABR61\POWER2\Chp2ex1.m
File Copy: C:\MATLABR61\POWER2\Chp2ex1gui.fig
File Copy: C:\MATLABR61\POWER2\chp2ex1gui.m
File Copy: C:\MATLABR61\POWER2\chp2ex1Info.fig
File Copy: C:\MATLABR61\POWER2\chp2ex1info.m
File Copy: C:\MATLABR61\POWER2\Chp2ex2.m
File Copy: C:\MATLABR61\POWER2\Chp2ex3.m
File Copy: C:\MATLABR61\POWER2\Chp2ex4.m
File Copy: C:\MATLABR61\POWER2\Chp2ex5.m
File Copy: C:\MATLABR61\POWER2\Chp2ex6.m
File Copy: C:\MATLABR61\POWER2\Chp2ex6gui.fig
File Copy: C:\MATLABR61\POWER2\chp2ex6gui.m
File Copy: C:\MATLABR61\POWER2\chp2ex6Info.fig
File Copy: C:\MATLABR61\POWER2\chp2ex6info.m
File Copy: C:\MATLABR61\POWER2\Chp2ex7.m
File Copy: C:\MATLABR61\POWER2\Chp2ex8.m
File Copy: C:\MATLABR61\POWER2\Chp3ex1.m
File Copy: C:\MATLABR61\POWER2\Chp3ex2.m
File Copy: C:\MATLABR61\POWER2\Chp3ex3.m
File Copy: C:\MATLABR61\POWER2\Chp3ex4.m
File Copy: C:\MATLABR61\POWER2\chp3ex5.m
File Copy: C:\MATLABR61\POWER2\chp3ex6.m
File Copy: C:\MATLABR61\POWER2\Chp3ex7.m
File Copy: C:\MATLABR61\POWER2\Chp3ex8.m
File Copy: C:\MATLABR61\POWER2\Chp4ex1.m
File Copy: C:\MATLABR61\POWER2\Chp4ex2.m
File Copy: C:\MATLABR61\POWER2\Chp4ex3.m
File Copy: C:\MATLABR61\POWER2\Chp4ex4.m
File Copy: C:\MATLABR61\POWER2\Chp4ex5.m
File Copy: C:\MATLABR61\POWER2\Chp4ex6.m
File Copy: C:\MATLABR61\POWER2\Chp4ex7.m
File Copy: C:\MATLABR61\POWER2\Chp5ex1.m
File Copy: C:\MATLABR61\POWER2\Chp5ex2.m
File Copy: C:\MATLABR61\POWER2\Chp5ex3.m
File Copy: C:\MATLABR61\POWER2\Chp5ex4.m
File Copy: C:\MATLABR61\POWER2\Chp5ex5.m
File Copy: C:\MATLABR61\POWER2\Chp5ex6.m
File Copy: C:\MATLABR61\POWER2\Chp5ex7.m
File Copy: C:\MATLABR61\POWER2\Chp5ex8.m
File Copy: C:\MATLABR61\POWER2\Chp5ex9.m
File Copy: C:\MATLABR61\POWER2\Chp6ex1.m
File Copy: C:\MATLABR61\POWER2\Chp6ex10.m
File Copy: C:\MATLABR61\POWER2\Chp6ex11.m
File Copy: C:\MATLABR61\POWER2\Chp6ex12.m
File Copy: C:\MATLABR61\POWER2\Chp6ex13.m
File Copy: C:\MATLABR61\POWER2\Chp6ex14.m
File Copy: C:\MATLABR61\POWER2\Chp6ex15.m
File Copy: C:\MATLABR61\POWER2\Chp6ex2.m
File Copy: C:\MATLABR61\POWER2\Chp6ex3.m
File Copy: C:\MATLABR61\POWER2\Chp6ex4.m
File Copy: C:\MATLABR61\POWER2\Chp6ex5.m
File Copy: C:\MATLABR61\POWER2\Chp6ex6.m
File Copy: C:\MATLABR61\POWER2\Chp6ex7.m
File Copy: C:\MATLABR61\POWER2\Chp6ex8.m
File Copy: C:\MATLABR61\POWER2\Chp6ex9.m
File Copy: C:\MATLABR61\POWER2\Chp6fig3.m
File Copy: C:\MATLABR61\POWER2\Chp6fig4.m
File Copy: C:\MATLABR61\POWER2\Chp6fig5.m
File Copy: C:\MATLABR61\POWER2\Chp6fig6.m
File Copy: C:\MATLABR61\POWER2\Chp7ex1.m
File Copy: C:\MATLABR61\POWER2\Chp7ex10.m
File Copy: C:\MATLABR61\POWER2\Chp7ex11.m
File Copy: C:\MATLABR61\POWER2\Chp7ex2.m
File Copy: C:\MATLABR61\POWER2\Chp7ex3.m
File Copy: C:\MATLABR61\POWER2\Chp7ex4.m
File Copy: C:\MATLABR61\POWER2\Chp7ex5.m
File Copy: C:\MATLABR61\POWER2\Chp7ex6.m
File Copy: C:\MATLABR61\POWER2\Chp7ex7.m
File Copy: C:\MATLABR61\POWER2\Chp7ex8.m
File Copy: C:\MATLABR61\POWER2\Chp7ex9.m
File Copy: C:\MATLABR61\POWER2\Chp8ex1.m
File Copy: C:\MATLABR61\POWER2\Chp8ex10.m
File Copy: C:\MATLABR61\POWER2\Chp8ex2.m
File Copy: C:\MATLABR61\POWER2\Chp8ex3.m
File Copy: C:\MATLABR61\POWER2\Chp8ex4.m
File Copy: C:\MATLABR61\POWER2\Chp8ex5.m
File Copy: C:\MATLABR61\POWER2\Chp8ex6.m
File Copy: C:\MATLABR61\POWER2\Chp8ex7.m
File Copy: C:\MATLABR61\POWER2\Chp8ex8.m
File Copy: C:\MATLABR61\POWER2\Chp8ex9.m
File Copy: C:\MATLABR61\POWER2\Chp9ex1.m
File Copy: C:\MATLABR61\POWER2\Chp9ex2.m
File Copy: C:\MATLABR61\POWER2\Chp9ex3.m
File Copy: C:\MATLABR61\POWER2\Chp9ex4.m
File Copy: C:\MATLABR61\POWER2\Chp9ex5.m
File Copy: C:\MATLABR61\POWER2\Chp9ex6.m
File Copy: C:\MATLABR61\POWER2\Chp9ex7.m
File Copy: C:\MATLABR61\POWER2\Chp9ex8.m
File Copy: C:\MATLABR61\POWER2\Chp9ex9.m
File Copy: C:\MATLABR61\POWER2\Cntrable.m
File Copy: C:\MATLABR61\POWER2\Cnyquist.m
File Copy: C:\MATLABR61\POWER2\Compmenu.m
File Copy: C:\MATLABR61\POWER2\Decouple.m
File Copy: C:\MATLABR61\POWER2\Dfpek.m
File Copy: C:\MATLABR61\POWER2\Dispatch.m
File Copy: C:\MATLABR61\POWER2\Dlgfault.m
File Copy: C:\MATLABR61\POWER2\DoubleCircuitsH.fig
File Copy: C:\MATLABR61\POWER2\doublecircuitsh.m
File Copy: C:\MATLABR61\POWER2\DoubleCircuitsV.fig
File Copy: C:\MATLABR61\POWER2\doublecircuitsv.m
File Copy: C:\MATLABR61\POWER2\Eacfault.m
File Copy: C:\MATLABR61\POWER2\Eacpower.m
File Copy: C:\MATLABR61\POWER2\Electsys.m
File Copy: C:\MATLABR61\POWER2\Errortf.m
File Copy: C:\MATLABR61\POWER2\Errorzp.m
File Copy: C:\MATLABR61\POWER2\Exa1.m
File Copy: C:\MATLABR61\POWER2\Exa10.m
File Copy: C:\MATLABR61\POWER2\Exa11.m
File Copy: C:\MATLABR61\POWER2\Exa12.m
File Copy: C:\MATLABR61\POWER2\Exa13.m
File Copy: C:\MATLABR61\POWER2\Exa14.m
File Copy: C:\MATLABR61\POWER2\Exa15.m
File Copy: C:\MATLABR61\POWER2\Exa16.m
File Copy: C:\MATLABR61\POWER2\Exa17.m
File Copy: C:\MATLABR61\POWER2\Exa18.m
File Copy: C:\MATLABR61\POWER2\Exa19.m
File Copy: C:\MATLABR61\POWER2\Exa2.m
File Copy: C:\MATLABR61\POWER2\Exa20.m
File Copy: C:\MATLABR61\POWER2\EXA21.m
File Copy: C:\MATLABR61\POWER2\Exa22.m
File Copy: C:\MATLABR61\POWER2\EXA23.m
File Copy: C:\MATLABR61\POWER2\Exa24.m
File Copy: C:\MATLABR61\POWER2\Exa3.m
File Copy: C:\MATLABR61\POWER2\Exa4.m
File Copy: C:\MATLABR61\POWER2\Exa5.m
File Copy: C:\MATLABR61\POWER2\Exa6.m
File Copy: C:\MATLABR61\POWER2\Exa7.m
File Copy: C:\MATLABR61\POWER2\Exa8.m
File Copy: C:\MATLABR61\POWER2\Exa9.m
File Copy: C:\MATLABR61\POWER2\Exb1.m
File Copy: C:\MATLABR61\POWER2\Exb2.m
File Copy: C:\MATLABR61\POWER2\Exb3.m
File Copy: C:\MATLABR61\POWER2\Fbdesign.m
File Copy: C:\MATLABR61\POWER2\FigB-10.eps
File Copy: C:\MATLABR61\POWER2\Frcntlr.m
File Copy: C:\MATLABR61\POWER2\Frdesign.m
File Copy: C:\MATLABR61\POWER2\Frqlag.m
File Copy: C:\MATLABR61\POWER2\Frqlead.m
File Copy: C:\MATLABR61\POWER2\Frqp.m
File Copy: C:\MATLABR61\POWER2\Frqpd.m
File Copy: C:\MATLABR61\POWER2\Frqpi.m
File Copy: C:\MATLABR61\POWER2\Frqpid.m
File Copy: C:\MATLABR61\POWER2\Frqspec.m
File Copy: C:\MATLABR61\POWER2\Gencost.m
File Copy: C:\MATLABR61\POWER2\Ghs.m
File Copy: C:\MATLABR61\POWER2\Givensr.m
File Copy: C:\MATLABR61\POWER2\Givenss.m
File Copy: C:\MATLABR61\POWER2\Givenzl.m
File Copy: C:\MATLABR61\POWER2\Gmd.m
File Copy: C:\MATLABR61\POWER2\Gmd2lc.m
File Copy: C:\MATLABR61\POWER2\Im.m
File Copy: C:\MATLABR61\POWER2\Imchar.m
File Copy: C:\MATLABR61\POWER2\IMPic1.jpg
File Copy: C:\MATLABR61\POWER2\Imsol.m
File Copy: C:\MATLABR61\POWER2\InductionMotor.fig
File Copy: C:\MATLABR61\POWER2\inductionmotor.m
File Copy: C:\MATLABR61\POWER2\InductionMotorInfo.fig
File Copy: C:\MATLABR61\POWER2\inductionmotorinfo.m
File Copy: C:\MATLABR61\POWER2\jacobQ.m
File Copy: C:\MATLABR61\POWER2\LagController.fig
File Copy: C:\MATLABR61\POWER2\lagcontroller.m
File Copy: C:\MATLABR61\POWER2\lcgui.fig
File Copy: C:\MATLABR61\POWER2\lcgui.m
File Copy: C:\MATLABR61\POWER2\LCinfo.fig
File Copy: C:\MATLABR61\POWER2\LCinfo.m
File Copy: C:\MATLABR61\POWER2\LeadController.fig
File Copy: C:\MATLABR61\POWER2\leadcontroller.m
File Copy: C:\MATLABR61\POWER2\Lfgauss.m
File Copy: C:\MATLABR61\POWER2\Lfnewton.m
File Copy: C:\MATLABR61\POWER2\Lfybus.m
File Copy: C:\MATLABR61\POWER2\Lgfault.m
File Copy: C:\MATLABR61\POWER2\Lgshort.m
File Copy: C:\MATLABR61\POWER2\Lineflow.m
File Copy: C:\MATLABR61\POWER2\Lineperf.m
File Copy: C:\MATLABR61\POWER2\LinePerfGui.fig
File Copy: C:\MATLABR61\POWER2\lineperfgui.m
File Copy: C:\MATLABR61\POWER2\LinePerfInfo.fig
File Copy: C:\MATLABR61\POWER2\lineperfinfo.m
File Copy: C:\MATLABR61\POWER2\Listmenu.m
File Copy: C:\MATLABR61\POWER2\Llfault.m
File Copy: C:\MATLABR61\POWER2\Llshort.m
File Copy: C:\MATLABR61\POWER2\Loadabil.m
File Copy: C:\MATLABR61\POWER2\Ltstm.m
File Copy: C:\MATLABR61\POWER2\Mechsys.m
File Copy: C:\MATLABR61\POWER2\mybode.m
File Copy: C:\MATLABR61\POWER2\Observer.m
File Copy: C:\MATLABR61\POWER2\Obsvable.m
File Copy: C:\MATLABR61\POWER2\Ode2phv.m
File Copy: C:\MATLABR61\POWER2\Openline.m
File Copy: C:\MATLABR61\POWER2\Pcomp.m
File Copy: C:\MATLABR61\POWER2\PController.fig
File Copy: C:\MATLABR61\POWER2\pcontroller.m
File Copy: C:\MATLABR61\POWER2\Pdcomp.m
File Copy: C:\MATLABR61\POWER2\PdController.fig
File Copy: C:\MATLABR61\POWER2\pdcontroller.m
File Copy: C:\MATLABR61\POWER2\Pendulum.m
File Copy: C:\MATLABR61\POWER2\Perturb.m
File Copy: C:\MATLABR61\POWER2\Pfpower.m
File Copy: C:\MATLABR61\POWER2\Phasor.m
File Copy: C:\MATLABR61\POWER2\Phasor3.m
File Copy: C:\MATLABR61\POWER2\Phlag.m
File Copy: C:\MATLABR61\POWER2\Phlead.m
File Copy: C:\MATLABR61\POWER2\Pi2abcd.m
File Copy: C:\MATLABR61\POWER2\Picomp.m
File Copy: C:\MATLABR61\POWER2\PIController.fig
File Copy: C:\MATLABR61\POWER2\picontroller.m
File Copy: C:\MATLABR61\POWER2\Pidcomp.m
File Copy: C:\MATLABR61\POWER2\PIDController.fig
File Copy: C:\MATLABR61\POWER2\pidcontroller.m
File Copy: C:\MATLABR61\POWER2\Placeobs.m
File Copy: C:\MATLABR61\POWER2\Placepol.m
File Copy: C:\MATLABR61\POWER2\Pnetfdbk.m
File Copy: C:\MATLABR61\POWER2\Pol2rec.m
File Copy: C:\MATLABR61\POWER2\Profmenu.m
File Copy: C:\MATLABR61\POWER2\Pwrcirc.m
File Copy: C:\MATLABR61\POWER2\Qsched.m
File Copy: C:\MATLABR61\POWER2\Rec2pol.m
File Copy: C:\MATLABR61\POWER2\Riccasim.m
File Copy: C:\MATLABR61\POWER2\Riccati.m
File Copy: C:\MATLABR61\POWER2\Rlc2abcd.m
File Copy: C:\MATLABR61\POWER2\Rldesign.m
File Copy: C:\MATLABR61\POWER2\rldesigngui.fig
File Copy: C:\MATLABR61\POWER2\rldesigngui.m
File Copy: C:\MATLABR61\POWER2\rldesignInfo.fig
File Copy: C:\MATLABR61\POWER2\rldesigninfo.m
File Copy: C:\MATLABR61\POWER2\Rotfield.m
File Copy: C:\MATLABR61\POWER2\Routh.m
File Copy: C:\MATLABR61\POWER2\Sc2abc.m
File Copy: C:\MATLABR61\POWER2\Sctm.m
File Copy: C:\MATLABR61\POWER2\Sercomp.m
File Copy: C:\MATLABR61\POWER2\Shcktlin.m
File Copy: C:\MATLABR61\POWER2\Shntcomp.m
File Copy: C:\MATLABR61\POWER2\sim11ex3.mdl
File Copy: C:\MATLABR61\POWER2\sim11ex6.mdl
File Copy: C:\MATLABR61\POWER2\sim12ex1.mdl
File Copy: C:\MATLABR61\POWER2\sim12ex3.mdl
File Copy: C:\MATLABR61\POWER2\sim12ex4.mdl
File Copy: C:\MATLABR61\POWER2\sim12ex5.mdl
File Copy: C:\MATLABR61\POWER2\sim12ex6.mdl
File Copy: C:\MATLABR61\POWER2\sim12ex7.mdl
File Copy: C:\MATLABR61\POWER2\sim12ex8.mdl
File Copy: C:\MATLABR61\POWER2\sim12ex9.mdl
File Copy: C:\MATLABR61\POWER2\sim12xx1.mdl
File Copy: C:\MATLABR61\POWER2\sim12xxb.mdl
File Copy: C:\MATLABR61\POWER2\sim12xxd.mdl
File Copy: C:\MATLABR61\POWER2\simexa25.mdl
File Copy: C:\MATLABR61\POWER2\simexa26.mdl
File Copy: C:\MATLABR61\POWER2\simexa27.mdl
File Copy: C:\MATLABR61\POWER2\simexa28.mdl
File Copy: C:\MATLABR61\POWER2\simexa29.mdl
File Copy: C:\MATLABR61\POWER2\simexa30.mdl
File Copy: C:\MATLABR61\POWER2\simexa31.mdl
File Copy: C:\MATLABR61\POWER2\simexa32.mdl
File Copy: C:\MATLABR61\POWER2\SingleCircuit.fig
File Copy: C:\MATLABR61\POWER2\singlecircuit.m
File Copy: C:\MATLABR61\POWER2\Srshcomp.m
File Copy: C:\MATLABR61\POWER2\Ss2phv.m
File Copy: C:\MATLABR61\POWER2\Sserrors.m
File Copy: C:\MATLABR61\POWER2\State.m
File Copy: C:\MATLABR61\POWER2\Statesim.m
File Copy: C:\MATLABR61\POWER2\Stepzwn.m
File Copy: C:\MATLABR61\POWER2\Stm.m
File Copy: C:\MATLABR61\POWER2\Swingmeu.m
File Copy: C:\MATLABR61\POWER2\Swingrk2.m
File Copy: C:\MATLABR61\POWER2\Swingrk4.m
File Copy: C:\MATLABR61\POWER2\Symfault.m
File Copy: C:\MATLABR61\POWER2\Symshort.m
File Copy: C:\MATLABR61\POWER2\System.m
File Copy: C:\MATLABR61\POWER2\Tachfdbk.m
File Copy: C:\MATLABR61\POWER2\Timespec.m
File Copy: C:\MATLABR61\POWER2\TOWER.jpg
File Copy: C:\MATLABR61\POWER2\Tperf.m
File Copy: C:\MATLABR61\POWER2\Trans.m
File Copy: C:\MATLABR61\POWER2\Transformer.fig
File Copy: C:\MATLABR61\POWER2\transformer.m
File Copy: C:\MATLABR61\POWER2\Transformer2wImp.fig
File Copy: C:\MATLABR61\POWER2\transformer2wimp.m
File Copy: C:\MATLABR61\POWER2\TransformerEqImp.fig
File Copy: C:\MATLABR61\POWER2\transformereqimp.m
File Copy: C:\MATLABR61\POWER2\TransformerInfo.fig
File Copy: C:\MATLABR61\POWER2\TransformerInfo.m
File Copy: C:\MATLABR61\POWER2\TransformerTests.fig
File Copy: C:\MATLABR61\POWER2\transformertests.m
File Copy: C:\MATLABR61\POWER2\TransPic1.jpg
File Copy: C:\MATLABR61\POWER2\TransPic2.jpg
File Copy: C:\MATLABR61\POWER2\Troct.m
File Copy: C:\MATLABR61\POWER2\Trsct.m
File Copy: C:\MATLABR61\POWER2\Trstab.m
File Copy: C:\MATLABR61\POWER2\Vprofile.m
File Copy: C:\MATLABR61\POWER2\Wz2eqz.m
File Copy: C:\MATLABR61\POWER2\yBus1.M
File Copy: C:\MATLABR61\POWER2\Ybusaf.m
File Copy: C:\MATLABR61\POWER2\Ybusbf.m
File Copy: C:\MATLABR61\POWER2\Ybusdf.m
File Copy: C:\MATLABR61\POWER2\Zabc2sc.m
File Copy: C:\MATLABR61\POWER2\Zbuild.m
File Copy: C:\MATLABR61\POWER2\Zbuildpi.m
File Copy: C:\MATLABR61\POWER2\Zy2abcd.m
